0 verbose cli /usr/bin/node /usr/bin/npm
1 info using npm@10.9.1
2 info using node@v22.23.0
3 silly config load:file:/usr/lib/node_modules/npm/npmrc
4 silly config load:file:/public/.cache/typescript/6.0/.npmrc
5 silly config load:file:/public/.npmrc
6 silly config load:file:/etc/npmrc
7 verbose title npm install types-registry@latest
8 verbose argv "install" "--ignore-scripts" "types-registry@latest"
9 verbose logfile logs-max:10 dir:/public/.npm/_logs/2026-07-04T13_59_20_496Z-
10 verbose logfile /public/.npm/_logs/2026-07-04T13_59_20_496Z-debug-0.log
11 silly logfile done cleaning log files
12 silly packumentCache heap:2197815296 maxSize:549453824 maxEntrySize:274726912
13 silly packumentCache corgi:https://registry.npmjs.org/types-registry cache-miss
14 http fetch GET https://registry.npmjs.org/types-registry attempt 1 failed with ETIMEDOUT
15 http fetch GET 200 https://registry.npmjs.org/types-registry 28245ms (cache revalidated)
16 silly packumentCache corgi:https://registry.npmjs.org/types-registry set size:627942 disposed:false
17 silly idealTree buildDeps
18 silly fetch manifest types-registry@0.1.776
19 silly packumentCache full:https://registry.npmjs.org/types-registry cache-miss
20 http fetch GET 200 https://registry.npmjs.org/types-registry 892ms (cache revalidated)
21 silly packumentCache full:https://registry.npmjs.org/types-registry set size:1363174 disposed:false
22 silly placeDep ROOT types-registry@0.1.776 REPLACE for:  want: 0.1.776
23 silly reify moves {}
24 silly audit bulk request {
24 silly audit   '@types/react': [ '19.2.17' ],
24 silly audit   csstype: [ '3.2.3' ],
24 silly audit   'types-registry': [ '0.1.776' ]
24 silly audit }
25 http fetch POST 200 https://registry.npmjs.org/-/npm/v1/security/advisories/bulk 1181ms
26 silly audit report {}
27 verbose cwd /public/.cache/typescript/6.0
28 verbose os Linux 6.12.38-android16-5-gb575a0b6e647-ab14355190-4k
29 verbose node v22.23.0
30 verbose npm  v10.9.1
31 verbose exit 0
32 info ok
